<?xml version="1.0" encoding="UTF-8"?>
<!-- Generated by org.testng.reporters.JUnitXMLReporter -->
<testsuite ignored="4" hostname="LAPTOP-9H665UHE" failures="0" tests="1" name="Test4" time="5.978" errors="0" timestamp="2023-12-29T19:22:46 IST">
  <testcase classname="com.Execution.Setting_TypeOfRoomsTest" name="roomTypeStatus" time="5.024"/>
  <testcase classname="com.Execution.Setting_TypeOfRoomsTest" name="searchData" time="0.0">
    <ignored/>
  </testcase> <!-- searchData -->
  <testcase classname="com.Execution.Setting_TypeOfRoomsTest" name="addRoomDetails" time="0.0">
    <ignored/>
  </testcase> <!-- addRoomDetails -->
  <testcase classname="com.Execution.Setting_TypeOfRoomsTest" name="editRoom" time="0.0">
    <ignored/>
  </testcase> <!-- editRoom -->
  <testcase classname="com.Execution.Setting_TypeOfRoomsTest" name="deleteRoom" time="0.0">
    <ignored/>
  </testcase> <!-- deleteRoom -->
</testsuite> <!-- Test4 -->
