<?xml version="1.0" encoding="UTF-8"?>
<!-- Generated by org.testng.reporters.JUnitXMLReporter -->
<testsuite ignored="0" hostname="LAPTOP-9H665UHE" failures="0" tests="3" name="Test" time="17.975" errors="0" timestamp="2023-12-21T15:01:30 IST">
  <testcase classname="com.Execution.LoginPageTest" name="logging" time="1.548"/>
  <testcase classname="com.Execution.SettingPageTest" name="settingTest" time="2.185"/>
  <testcase classname="com.Execution.SettingPageTest" name="searchTest" time="10.511"/>
</testsuite> <!-- Test -->
