<?xml version="1.0" encoding="UTF-8"?>
<!-- Generated by org.testng.reporters.JUnitXMLReporter -->
<testsuite ignored="4" hostname="LAPTOP-9H665UHE" failures="1" tests="1" name="Test5" time="7.586" errors="0" timestamp="2023-12-29T19:22:53 IST">
  <testcase classname="com.Execution.Setting_TypeOfRoomsTest" name="searchData" time="6.626">
    <failure type="java.lang.AssertionError" message="your searching roomtype is not avilabe expected [delux] but found [deluxe]">
      <![CDATA[java.lang.AssertionError: your searching roomtype is not avilabe expected [delux] but found [deluxe]
at com.Execution.Setting_TypeOfRoomsTest.searchData(Setting_TypeOfRoomsTest.java:67)
at java.base/java.util.ArrayList.forEach(ArrayList.java:1511)
... Removed 32 stack frames]]>
    </failure>
  </testcase> <!-- searchData -->
  <testcase classname="com.Execution.Setting_TypeOfRoomsTest" name="addRoomDetails" time="0.0">
    <ignored/>
  </testcase> <!-- addRoomDetails -->
  <testcase classname="com.Execution.Setting_TypeOfRoomsTest" name="roomTypeStatus" time="0.0">
    <ignored/>
  </testcase> <!-- roomTypeStatus -->
  <testcase classname="com.Execution.Setting_TypeOfRoomsTest" name="editRoom" time="0.0">
    <ignored/>
  </testcase> <!-- editRoom -->
  <testcase classname="com.Execution.Setting_TypeOfRoomsTest" name="deleteRoom" time="0.0">
    <ignored/>
  </testcase> <!-- deleteRoom -->
</testsuite> <!-- Test5 -->
