<?xml version="1.0" encoding="UTF-8"?>
<!-- Generated by org.testng.reporters.JUnitXMLReporter -->
<testsuite ignored="0" hostname="LAPTOP-9H665UHE" failures="0" tests="3" name="Test" time="14.56" errors="0" timestamp="2023-12-27T19:18:22 IST">
  <testcase classname="com.Execution.LoginTest" name="logging" time="1.96"/>
  <testcase classname="com.Execution.Setting_TypeOfRoomsTest" name="settingTest" time="2.451"/>
  <testcase classname="com.Execution.Setting_TypeOfRoomsTest" name="searchTest" time="6.485"/>
</testsuite> <!-- Test -->
