<?xml version="1.0" encoding="UTF-8"?>
<testng-results ignored="0" total="3" passed="3" failed="0" skipped="0">
  <reporter-output>
  </reporter-output>
  <suite started-at="2023-12-21T15:01:12 IST" name="Suite" finished-at="2023-12-21T15:01:30 IST" duration-ms="17975">
    <groups>
    </groups>
    <test started-at="2023-12-21T15:01:12 IST" name="Test" finished-at="2023-12-21T15:01:30 IST" duration-ms="17975">
      <class name="com.Execution.SettingPageTest">
        <test-method is-config="true" signature="name()[pri:0, instance:com.Execution.SettingPageTest@3ad83a66]" started-at="2023-12-21T15:01:17 IST" name="name" finished-at="2023-12-21T15:01:17 IST" duration-ms="0" status="PASS">
          <reporter-output>
          </reporter-output>
        </test-method> <!-- name -->
        <test-method signature="settingTest()[pri:0, instance:com.Execution.SettingPageTest@3ad83a66]" started-at="2023-12-21T15:01:17 IST" name="settingTest" finished-at="2023-12-21T15:01:19 IST" duration-ms="2185" status="PASS">
          <reporter-output>
          </reporter-output>
        </test-method> <!-- settingTest -->
        <test-method signature="searchTest()[pri:0, instance:com.Execution.SettingPageTest@3ad83a66]" started-at="2023-12-21T15:01:19 IST" name="searchTest" finished-at="2023-12-21T15:01:30 IST" depends-on-methods="com.Execution.SettingPageTest.settingTest" duration-ms="10511" status="PASS">
          <reporter-output>
          </reporter-output>
        </test-method> <!-- searchTest -->
        <test-method is-config="true" signature="name1()[pri:0, instance:com.Execution.SettingPageTest@3ad83a66]" started-at="2023-12-21T15:01:30 IST" name="name1" finished-at="2023-12-21T15:01:30 IST" duration-ms="0" status="PASS">
          <reporter-output>
          </reporter-output>
        </test-method> <!-- name1 -->
      </class> <!-- com.Execution.SettingPageTest -->
      <class name="com.Execution.LoginPageTest">
        <test-method is-config="true" signature="launchURL()[pri:0, instance:com.Execution.LoginPageTest@4e5ed836]" started-at="2023-12-21T15:01:12 IST" name="launchURL" finished-at="2023-12-21T15:01:15 IST" duration-ms="3678" status="PASS">
          <reporter-output>
          </reporter-output>
        </test-method> <!-- launchURL -->
        <test-method signature="logging()[pri:0, instance:com.Execution.LoginPageTest@4e5ed836]" started-at="2023-12-21T15:01:15 IST" name="logging" finished-at="2023-12-21T15:01:17 IST" duration-ms="1548" status="PASS">
          <reporter-output>
          </reporter-output>
        </test-method> <!-- logging -->
        <test-method is-config="true" signature="name()[pri:0, instance:com.Execution.LoginPageTest@4e5ed836]" started-at="2023-12-21T15:01:17 IST" name="name" finished-at="2023-12-21T15:01:17 IST" duration-ms="0" status="PASS">
          <reporter-output>
          </reporter-output>
        </test-method> <!-- name -->
      </class> <!-- com.Execution.LoginPageTest -->
    </test> <!-- Test -->
  </suite> <!-- Suite -->
</testng-results>
